This is pdfTeX, Version 3.141592653-2.6-1.40.26 (TeX Live 2024/TeX Live for SUSE Linux) (preloaded format=pdflatex 2024.3.31)  8 APR 2024 23:26
entering extended mode
 restricted \write18 enabled.
 file:line:error style messages enabled.
 %&-line parsing enabled.
**/home/operador/Documents/GitRepositories/RCp2324sv/phase1/ReportPhase1.tex
(/home/operador/Documents/GitRepositories/RCp2324sv/phase1/ReportPhase1.tex
LaTeX2e <2023-11-01> patch level 1
L3 programming layer <2024-02-20>
(/usr/share/texmf/tex/latex/base/report.cls
Document Class: report 2023/05/17 v1.4n Standard LaTeX document class
(/usr/share/texmf/tex/latex/base/size11.clo
File: size11.clo 2023/05/17 v1.4n Standard LaTeX file (size option)
)
\c@part=\count188
\c@chapter=\count189
\c@section=\count190
\c@subsection=\count191
\c@subsubsection=\count192
\c@paragraph=\count193
\c@subparagraph=\count194
\c@figure=\count195
\c@table=\count196
\abovecaptionskip=\skip48
\belowcaptionskip=\skip49
\bibindent=\dimen140
) (/usr/share/texmf/tex/latex/graphics/graphicx.sty
Package: graphicx 2021/09/16 v1.2d Enhanced LaTeX Graphics (DPC,SPQR)
 (/usr/share/texmf/tex/latex/graphics/keyval.sty
Package: keyval 2022/05/29 v1.15 key=value parser (DPC)
\KV@toks@=\toks17
) (/usr/share/texmf/tex/latex/graphics/graphics.sty
Package: graphics 2022/03/10 v1.4e Standard LaTeX Graphics (DPC,SPQR)
 (/usr/share/texmf/tex/latex/graphics/trig.sty
Package: trig 2021/08/11 v1.11 sin cos tan (DPC)
) (/usr/share/texmf/tex/latex/graphics-cfg/graphics.cfg
File: graphics.cfg 2016/06/04 v1.11 sample graphics configuration
)
Package graphics Info: Driver file: pdftex.def on input line 107.
 (/usr/share/texmf/tex/latex/graphics-def/pdftex.def
File: pdftex.def 2022/09/22 v1.2b Graphics/color driver for pdftex
))
\Gin@req@height=\dimen141
\Gin@req@width=\dimen142
) (/usr/share/texmf/tex/generic/babel/babel.sty
Package: babel 2024/02/07 v24.2 The Babel package
\babel@savecnt=\count197
\U@D=\dimen143
\l@unhyphenated=\language55
 (/usr/share/texmf/tex/generic/babel/txtbabel.def)
\bbl@readstream=\read2
\bbl@dirlevel=\count198
 (/usr/share/texmf/tex/generic/babel-portuges/portuguese.ldf
Language: portuges 2021/07/09 v1.2t Portuguese support from the babel system
Package babel Info: Making " an active character on input line 143.
)) (/usr/share/texmf/tex/generic/babel/locale/pt/babel-portuguese.tex
Package babel Info: Importing font and identification data for portuguese
(babel)             from babel-pt.ini. Reported on input line 11.
) (/usr/share/texmf/tex/latex/tools/multicol.sty
Package: multicol 2023/03/30 v1.9f multicolumn formatting (FMi)
\c@tracingmulticols=\count199
\mult@box=\box51
\multicol@leftmargin=\dimen144
\c@unbalance=\count266
\c@collectmore=\count267
\doublecol@number=\count268
\multicoltolerance=\count269
\multicolpretolerance=\count270
\full@width=\dimen145
\page@free=\dimen146
\premulticols=\dimen147
\postmulticols=\dimen148
\multicolsep=\skip50
\multicolbaselineskip=\skip51
\partial@page=\box52
\last@line=\box53
\mc@boxedresult=\box54
\maxbalancingoverflow=\dimen149
\mult@rightbox=\box55
\mult@grightbox=\box56
\mult@firstbox=\box57
\mult@gfirstbox=\box58
\@tempa=\box59
\@tempa=\box60
\@tempa=\box61
\@tempa=\box62
\@tempa=\box63
\@tempa=\box64
\@tempa=\box65
\@tempa=\box66
\@tempa=\box67
\@tempa=\box68
\@tempa=\box69
\@tempa=\box70
\@tempa=\box71
\@tempa=\box72
\@tempa=\box73
\@tempa=\box74
\@tempa=\box75
\@tempa=\box76
\@tempa=\box77
\@tempa=\box78
\@tempa=\box79
\@tempa=\box80
\@tempa=\box81
\@tempa=\box82
\@tempa=\box83
\@tempa=\box84
\@tempa=\box85
\@tempa=\box86
\@tempa=\box87
\@tempa=\box88
\@tempa=\box89
\@tempa=\box90
\@tempa=\box91
\@tempa=\box92
\@tempa=\box93
\@tempa=\box94
\c@minrows=\count271
\c@columnbadness=\count272
\c@finalcolumnbadness=\count273
\last@try=\dimen150
\multicolovershoot=\dimen151
\multicolundershoot=\dimen152
\mult@nat@firstbox=\box95
\colbreak@box=\box96
\mc@col@check@num=\count274
) (/usr/share/texmf/tex/latex/tools/longtable.sty
Package: longtable 2023-11-01 v4.19 Multi-page Table package (DPC)
\LTleft=\skip52
\LTright=\skip53
\LTpre=\skip54
\LTpost=\skip55
\LTchunksize=\count275
\LTcapwidth=\dimen153
\LT@head=\box97
\LT@firsthead=\box98
\LT@foot=\box99
\LT@lastfoot=\box100
\LT@gbox=\box101
\LT@cols=\count276
\LT@rows=\count277
\c@LT@tables=\count278
\c@LT@chunks=\count279
\LT@p@ftn=\toks18
) (/usr/share/texmf/tex/latex/listings/listings.sty
\lst@mode=\count280
\lst@gtempboxa=\box102
\lst@token=\toks19
\lst@length=\count281
\lst@currlwidth=\dimen154
\lst@column=\count282
\lst@pos=\count283
\lst@lostspace=\dimen155
\lst@width=\dimen156
\lst@newlines=\count284
\lst@lineno=\count285
\lst@maxwidth=\dimen157
 (/usr/share/texmf/tex/latex/listings/lstpatch.sty
File: lstpatch.sty 2024/02/21 1.10 (Carsten Heinz)
) (/usr/share/texmf/tex/latex/listings/lstmisc.sty
File: lstmisc.sty 2024/02/21 1.10 (Carsten Heinz)
\c@lstnumber=\count286
\lst@skipnumbers=\count287
\lst@framebox=\box103
) (/usr/share/texmf/tex/latex/listings/listings.cfg
File: listings.cfg 2024/02/21 1.10 listings configuration
))
Package: listings 2024/02/21 1.10 (Carsten Heinz)
 (/usr/share/texmf/tex/latex/base/inputenc.sty
Package: inputenc 2021/02/14 v1.3d Input encoding file
\inpenc@prehook=\toks20
\inpenc@posthook=\toks21
) (/usr/share/texmf/tex/latex/graphics/color.sty
Package: color 2022/01/06 v1.3d Standard LaTeX Color (DPC)
 (/usr/share/texmf/tex/latex/graphics-cfg/color.cfg
File: color.cfg 2016/01/02 v1.6 sample color configuration
)
Package color Info: Driver file: pdftex.def on input line 149.
 (/usr/share/texmf/tex/latex/graphics/mathcolor.ltx)) (/usr/share/texmf/tex/latex/geometry/geometry.sty
Package: geometry 2020/01/02 v5.9 Page Geometry
 (/usr/share/texmf/tex/generic/iftex/ifvtex.sty
Package: ifvtex 2019/10/25 v1.7 ifvtex legacy package. Use iftex instead.
 (/usr/share/texmf/tex/generic/iftex/iftex.sty
Package: iftex 2022/02/03 v1.0f TeX engine tests
))
\Gm@cnth=\count288
\Gm@cntv=\count289
\c@Gm@tempcnt=\count290
\Gm@bindingoffset=\dimen158
\Gm@wd@mp=\dimen159
\Gm@odd@mp=\dimen160
\Gm@even@mp=\dimen161
\Gm@layoutwidth=\dimen162
\Gm@layoutheight=\dimen163
\Gm@layouthoffset=\dimen164
\Gm@layoutvoffset=\dimen165
\Gm@dimlist=\toks22
) (/usr/share/texmf/tex/latex/lastpage/lastpage.sty
Package: lastpage 2023/10/14 v2.0e lastpage: 2.09 or 2e? (HMM)
 (/usr/share/texmf/tex/latex/lastpage/lastpage2e.sty
Package: lastpage2e 2023/10/14 v2.0e Decide which 2e lastpage version to use (HMM)
 (/usr/share/texmf/tex/latex/lastpage/lastpagemodern.sty
Package: lastpagemodern 2023-10-14 v2.0e Refers to last page's name (HMM; JPG)
\c@lastpagecount=\count291
) 
)) (/usr/share/texmf/tex/latex/fancyhdr/fancyhdr.sty
Package: fancyhdr 2022/11/09 v4.1 Extensive control of page headers and footers
\f@nch@headwidth=\skip56
\f@nch@O@elh=\skip57
\f@nch@O@erh=\skip58
\f@nch@O@olh=\skip59
\f@nch@O@orh=\skip60
\f@nch@O@elf=\skip61
\f@nch@O@erf=\skip62
\f@nch@O@olf=\skip63
\f@nch@O@orf=\skip64
) (/usr/share/texmf/tex/latex/hyperref/hyperref.sty
Package: hyperref 2024-01-20 v7.01h Hypertext links for LaTeX
 (/usr/share/texmf/tex/latex/kvsetkeys/kvsetkeys.sty
Package: kvsetkeys 2022-10-05 v1.19 Key value parser (HO)
) (/usr/share/texmf/tex/generic/kvdefinekeys/kvdefinekeys.sty
Package: kvdefinekeys 2019-12-19 v1.6 Define keys (HO)
) (/usr/share/texmf/tex/generic/pdfescape/pdfescape.sty
Package: pdfescape 2019/12/09 v1.15 Implements pdfTeX's escape features (HO)
 (/usr/share/texmf/tex/generic/ltxcmds/ltxcmds.sty
Package: ltxcmds 2023-12-04 v1.26 LaTeX kernel commands for general use (HO)
) (/usr/share/texmf/tex/generic/pdftexcmds/pdftexcmds.sty
Package: pdftexcmds 2020-06-27 v0.33 Utility functions of pdfTeX for LuaTeX (HO)
 (/usr/share/texmf/tex/generic/infwarerr/infwarerr.sty
Package: infwarerr 2019/12/03 v1.5 Providing info/warning/error messages (HO)
)
Package pdftexcmds Info: \pdf@primitive is available.
Package pdftexcmds Info: \pdf@ifprimitive is available.
Package pdftexcmds Info: \pdfdraftmode found.
)) (/usr/share/texmf/tex/latex/hycolor/hycolor.sty
Package: hycolor 2020-01-27 v1.10 Color options for hyperref/bookmark (HO)
) (/usr/share/texmf/tex/latex/auxhook/auxhook.sty
Package: auxhook 2019-12-17 v1.6 Hooks for auxiliary files (HO)
) (/usr/share/texmf/tex/latex/hyperref/nameref.sty
Package: nameref 2023-11-26 v2.56 Cross-referencing by name of section
 (/usr/share/texmf/tex/latex/refcount/refcount.sty
Package: refcount 2019/12/15 v3.6 Data extraction from label references (HO)
) (/usr/share/texmf/tex/generic/gettitlestring/gettitlestring.sty
Package: gettitlestring 2019/12/15 v1.6 Cleanup title references (HO)
 (/usr/share/texmf/tex/latex/kvoptions/kvoptions.sty
Package: kvoptions 2022-06-15 v3.15 Key value format for package options (HO)
))
\c@section@level=\count292
) (/usr/share/texmf/tex/latex/etoolbox/etoolbox.sty
Package: etoolbox 2020/10/05 v2.5k e-TeX tools for LaTeX (JAW)
\etb@tempcnta=\count293
)
\@linkdim=\dimen166
\Hy@linkcounter=\count294
\Hy@pagecounter=\count295
 (/usr/share/texmf/tex/latex/hyperref/pd1enc.def
File: pd1enc.def 2024-01-20 v7.01h Hyperref: PDFDocEncoding definition (HO)
Now handling font encoding PD1 ...
... no UTF-8 mapping file for font encoding PD1
) (/usr/share/texmf/tex/generic/intcalc/intcalc.sty
Package: intcalc 2019/12/15 v1.3 Expandable calculations with integers (HO)
)
\Hy@SavedSpaceFactor=\count296
 (/usr/share/texmf/tex/latex/hyperref/puenc.def
File: puenc.def 2024-01-20 v7.01h Hyperref: PDF Unicode definition (HO)
Now handling font encoding PU ...
... no UTF-8 mapping file for font encoding PU
)
Package hyperref Info: Hyper figures OFF on input line 4179.
Package hyperref Info: Link nesting OFF on input line 4184.
Package hyperref Info: Hyper index ON on input line 4187.
Package hyperref Info: Plain pages OFF on input line 4194.
Package hyperref Info: Backreferencing OFF on input line 4199.
Package hyperref Info: Implicit mode ON; LaTeX internals redefined.
Package hyperref Info: Bookmarks ON on input line 4446.
\c@Hy@tempcnt=\count297
 (/usr/share/texmf/tex/latex/url/url.sty
\Urlmuskip=\muskip16
Package: url 2013/09/16  ver 3.4  Verb mode for urls, etc.
)
LaTeX Info: Redefining \url on input line 4784.
\XeTeXLinkMargin=\dimen167
 (/usr/share/texmf/tex/generic/bitset/bitset.sty
Package: bitset 2019/12/09 v1.3 Handle bit-vector datatype (HO)
 (/usr/share/texmf/tex/generic/bigintcalc/bigintcalc.sty
Package: bigintcalc 2019/12/15 v1.5 Expandable calculations on big integers (HO)
))
\Fld@menulength=\count298
\Field@Width=\dimen168
\Fld@charsize=\dimen169
Package hyperref Info: Hyper figures OFF on input line 6063.
Package hyperref Info: Link nesting OFF on input line 6068.
Package hyperref Info: Hyper index ON on input line 6071.
Package hyperref Info: backreferencing OFF on input line 6078.
Package hyperref Info: Link coloring OFF on input line 6083.
Package hyperref Info: Link coloring with OCG OFF on input line 6088.
Package hyperref Info: PDF/A mode OFF on input line 6093.
 (/usr/share/texmf/tex/latex/base/atbegshi-ltx.sty
Package: atbegshi-ltx 2021/01/10 v1.0c Emulation of the original atbegshi
package with kernel methods
)
\Hy@abspage=\count299
\c@Item=\count300
\c@Hfootnote=\count301
)
Package hyperref Info: Driver (autodetected): hpdftex.
 (/usr/share/texmf/tex/latex/hyperref/hpdftex.def
File: hpdftex.def 2024-01-20 v7.01h Hyperref driver for pdfTeX
 (/usr/share/texmf/tex/latex/base/atveryend-ltx.sty
Package: atveryend-ltx 2020/08/19 v1.0a Emulation of the original atveryend package
with kernel methods
)
\Fld@listcount=\count302
\c@bookmark@seq@number=\count303
 (/usr/share/texmf/tex/latex/rerunfilecheck/rerunfilecheck.sty
Package: rerunfilecheck 2022-07-10 v1.10 Rerun checks for auxiliary files (HO)
 (/usr/share/texmf/tex/generic/uniquecounter/uniquecounter.sty
Package: uniquecounter 2019/12/15 v1.4 Provide unlimited unique counter (HO)
)
Package uniquecounter Info: New unique counter `rerunfilecheck' on input line 285.
)
\Hy@SectionHShift=\skip65
) (/usr/share/texmf/tex/latex/chicago/chicago.sty
Using Chicago Manual of Style bibliography: 31 August 1992
\bibhang=\skip66
\bibindent=\dimen170
) (/usr/share/texmf/tex/latex/base/fontenc.sty
Package: fontenc 2021/04/29 v2.0v Standard LaTeX package
) (/usr/share/texmf/tex/latex/newtx/newtxtext.sty
Package: newtxtext 2024/02/08 v1.738(Michael Sharpe) latex and unicode latex support for TeXGyreTermesX
 `newtxtext' v1.738, 2024/02/08 Text macros taking advantage of TeXGyre Termes and its extensions (msharpe) (/usr/share/texmf/tex/latex/xpatch/xpatch.sty (/usr/share/texmf/tex/latex/l3kernel/expl3.sty
Package: expl3 2024-02-20 L3 programming layer (loader) 
 (/usr/share/texmf/tex/latex/l3backend/l3backend-pdftex.def
File: l3backend-pdftex.def 2024-02-20 L3 backend support: PDF output (pdfTeX)
\l__color_backend_stack_int=\count304
\l__pdf_internal_box=\box104
))
Package: xpatch 2020/03/25 v0.3a Extending etoolbox patching commands
 (/usr/share/texmf/tex/latex/l3packages/xparse/xparse.sty
Package: xparse 2024-02-18 L3 Experimental document command parser
)) (/usr/share/texmf/tex/latex/xcolor/xcolor.sty
Package: xcolor 2023/11/15 v3.01 LaTeX color extensions (UK)
 (/usr/share/texmf/tex/latex/graphics-cfg/color.cfg
File: color.cfg 2016/01/02 v1.6 sample color configuration
)
Package xcolor Info: Driver file: pdftex.def on input line 274.
LaTeX Info: Redefining \color on input line 758.
 (/usr/share/texmf/tex/latex/graphics/mathcolor.ltx)
Package xcolor Info: Model `cmy' substituted by `cmy0' on input line 1350.
Package xcolor Info: Model `hsb' substituted by `rgb' on input line 1354.
Package xcolor Info: Model `RGB' extended on input line 1366.
Package xcolor Info: Model `HTML' substituted by `rgb' on input line 1368.
Package xcolor Info: Model `Hsb' substituted by `hsb' on input line 1369.
Package xcolor Info: Model `tHsb' substituted by `hsb' on input line 1370.
Package xcolor Info: Model `HSB' substituted by `hsb' on input line 1371.
Package xcolor Info: Model `Gray' substituted by `gray' on input line 1372.
Package xcolor Info: Model `wave' substituted by `hsb' on input line 1373.
) (/usr/share/texmf/tex/latex/xkeyval/xkeyval.sty
Package: xkeyval 2022/06/16 v2.9 package option processing (HA)
 (/usr/share/texmf/tex/generic/xkeyval/xkeyval.tex (/usr/share/texmf/tex/generic/xkeyval/xkvutils.tex
\XKV@toks=\toks23
\XKV@tempa@toks=\toks24
)
\XKV@depth=\count305
File: xkeyval.tex 2014/12/03 v2.7a key=value parser (HA)
)) (/usr/share/texmf/tex/latex/base/textcomp.sty
Package: textcomp 2020/02/02 v2.0n Standard LaTeX package
) (/usr/share/texmf/tex/generic/xstring/xstring.sty (/usr/share/texmf/tex/generic/xstring/xstring.tex
\xs_counta=\count306
\xs_countb=\count307
)
Package: xstring 2023/08/22 v1.86 String manipulations (CT)
) (/usr/share/texmf/tex/latex/base/ifthen.sty
Package: ifthen 2022/04/13 v1.1d Standard LaTeX ifthen package (DPC)
) (/usr/share/texmf/tex/latex/carlisle/scalefnt.sty)
LaTeX Font Info:    Setting ntxLF sub-encoding to TS1/0 on input line 24.
LaTeX Font Info:    Setting ntxTLF sub-encoding to TS1/0 on input line 24.
LaTeX Font Info:    Setting ntxOsF sub-encoding to TS1/0 on input line 24.
LaTeX Font Info:    Setting ntxTOsF sub-encoding to TS1/0 on input line 24.
 (/usr/share/texmf/tex/generic/kastrup/binhex.tex)
\ntx@tmpcnta=\count308
\ntx@cnt=\count309
 (/usr/share/texmf/tex/latex/fontaxes/fontaxes.sty
Package: fontaxes 2020/07/21 v1.0e Font selection axes
LaTeX Info: Redefining \upshape on input line 29.
LaTeX Info: Redefining \itshape on input line 31.
LaTeX Info: Redefining \slshape on input line 33.
LaTeX Info: Redefining \swshape on input line 35.
LaTeX Info: Redefining \scshape on input line 37.
LaTeX Info: Redefining \sscshape on input line 39.
LaTeX Info: Redefining \ulcshape on input line 41.
LaTeX Info: Redefining \textsw on input line 47.
LaTeX Info: Redefining \textssc on input line 48.
LaTeX Info: Redefining \textulc on input line 49.
)
\tx@sixem=\dimen171
\tx@y=\dimen172
\tx@x=\dimen173
\tx@tmpdima=\dimen174
\tx@tmpdimb=\dimen175
\tx@tmpdimc=\dimen176
\tx@tmpdimd=\dimen177
\tx@tmpdime=\dimen178
\tx@tmpdimf=\dimen179
\tx@dimA=\dimen180
\tx@dimAA=\dimen181
\tx@dimB=\dimen182
\tx@dimBB=\dimen183
\tx@dimC=\dimen184
LaTeX Info: Redefining \oldstylenums on input line 896.
) (/usr/share/texmf/tex/latex/newtx/newtxmath.sty
Package: newtxmath 2024/03/06 v1.742
 `newtxmath' v1.742, 2024/03/06 Math macros based originally on txfonts (msharpe) (/usr/share/texmf/tex/latex/amsmath/amsmath.sty
Package: amsmath 2023/05/13 v2.17o AMS math features
\@mathmargin=\skip67

For additional information on amsmath, use the `?' option.
(/usr/share/texmf/tex/latex/amsmath/amstext.sty
Package: amstext 2021/08/26 v2.01 AMS text
 (/usr/share/texmf/tex/latex/amsmath/amsgen.sty
File: amsgen.sty 1999/11/30 v2.0 generic functions
\@emptytoks=\toks25
\ex@=\dimen185
)) (/usr/share/texmf/tex/latex/amsmath/amsbsy.sty
Package: amsbsy 1999/11/29 v1.2d Bold Symbols
\pmbraise@=\dimen186
) (/usr/share/texmf/tex/latex/amsmath/amsopn.sty
Package: amsopn 2022/04/08 v2.04 operator names
)
\inf@bad=\count310
LaTeX Info: Redefining \frac on input line 234.
\uproot@=\count311
\leftroot@=\count312
LaTeX Info: Redefining \overline on input line 399.
LaTeX Info: Redefining \colon on input line 410.
\classnum@=\count313
\DOTSCASE@=\count314
LaTeX Info: Redefining \ldots on input line 496.
LaTeX Info: Redefining \dots on input line 499.
LaTeX Info: Redefining \cdots on input line 620.
\Mathstrutbox@=\box105
\strutbox@=\box106
LaTeX Info: Redefining \big on input line 722.
LaTeX Info: Redefining \Big on input line 723.
LaTeX Info: Redefining \bigg on input line 724.
LaTeX Info: Redefining \Bigg on input line 725.
\big@size=\dimen187
LaTeX Font Info:    Redeclaring font encoding OML on input line 743.
LaTeX Font Info:    Redeclaring font encoding OMS on input line 744.
\macc@depth=\count315
LaTeX Info: Redefining \bmod on input line 905.
LaTeX Info: Redefining \pmod on input line 910.
LaTeX Info: Redefining \smash on input line 940.
LaTeX Info: Redefining \relbar on input line 970.
LaTeX Info: Redefining \Relbar on input line 971.
\c@MaxMatrixCols=\count316
\dotsspace@=\muskip17
\c@parentequation=\count317
\dspbrk@lvl=\count318
\tag@help=\toks26
\row@=\count319
\column@=\count320
\maxfields@=\count321
\andhelp@=\toks27
\eqnshift@=\dimen188
\alignsep@=\dimen189
\tagshift@=\dimen190
\tagwidth@=\dimen191
\totwidth@=\dimen192
\lineht@=\dimen193
\@envbody=\toks28
\multlinegap=\skip68
\multlinetaggap=\skip69
\mathdisplay@stack=\toks29
LaTeX Info: Redefining \[ on input line 2953.
LaTeX Info: Redefining \] on input line 2954.
) (/usr/share/texmf/tex/latex/oberdiek/centernot.sty
Package: centernot 2016/05/16 v1.4 Centers the not symbol horizontally (HO)
)
\tx@cntz=\count322
 (/usr/share/texmf/tex/generic/kastrup/binhex.tex)
\tx@Isdigit=\count323
\tx@IsAlNum=\count324
\tx@tA=\toks30
\tx@tB=\toks31
\tx@su=\read3

amsthm NOT loaded
LaTeX Font Info:    Redeclaring symbol font `operators' on input line 393.
LaTeX Font Info:    Overwriting symbol font `operators' in version `normal'
(Font)                  OT1/cmr/m/n --> OT1/minntx/m/n on input line 393.
LaTeX Font Info:    Overwriting symbol font `operators' in version `bold'
(Font)                  OT1/cmr/bx/n --> OT1/minntx/m/n on input line 393.
LaTeX Font Info:    Overwriting symbol font `operators' in version `bold'
(Font)                  OT1/minntx/m/n --> OT1/minntx/b/n on input line 394.
LaTeX Font Info:    Redeclaring math alphabet \mathsf on input line 401.
LaTeX Font Info:    Overwriting math alphabet `\mathsf' in version `normal'
(Font)                  OT1/cmss/m/n --> OT1/qhv/m/n on input line 401.
LaTeX Font Info:    Overwriting math alphabet `\mathsf' in version `bold'
(Font)                  OT1/cmss/bx/n --> OT1/qhv/m/n on input line 401.
LaTeX Font Info:    Overwriting math alphabet `\mathsf' in version `bold'
(Font)                  OT1/qhv/m/n --> OT1/qhv/b/n on input line 403.
LaTeX Font Info:    Redeclaring math alphabet \mathit on input line 410.
LaTeX Font Info:    Overwriting math alphabet `\mathit' in version `normal'
(Font)                  OT1/cmr/m/it --> OT1/minntx/m/it on input line 410.
LaTeX Font Info:    Overwriting math alphabet `\mathit' in version `bold'
(Font)                  OT1/cmr/bx/it --> OT1/minntx/m/it on input line 410.
LaTeX Font Info:    Redeclaring math alphabet \mathtt on input line 411.
LaTeX Font Info:    Overwriting math alphabet `\mathtt' in version `normal'
(Font)                  OT1/cmtt/m/n --> T1/ntxtt/m/n on input line 411.
LaTeX Font Info:    Overwriting math alphabet `\mathtt' in version `bold'
(Font)                  OT1/cmtt/m/n --> T1/ntxtt/m/n on input line 411.
LaTeX Font Info:    Redeclaring math alphabet \mathbf on input line 413.
LaTeX Font Info:    Overwriting math alphabet `\mathbf' in version `normal'
(Font)                  OT1/cmr/bx/n --> OT1/minntx/b/n on input line 413.
LaTeX Font Info:    Overwriting math alphabet `\mathbf' in version `bold'
(Font)                  OT1/cmr/bx/n --> OT1/minntx/b/n on input line 413.
LaTeX Font Info:    Overwriting math alphabet `\mathit' in version `bold'
(Font)                  OT1/minntx/m/it --> OT1/minntx/b/it on input line 414.
LaTeX Font Info:    Overwriting math alphabet `\mathtt' in version `bold'
(Font)                  T1/ntxtt/m/n --> T1/ntxtt/b/n on input line 417.
LaTeX Font Info:    Redeclaring symbol font `letters' on input line 519.
LaTeX Font Info:    Overwriting symbol font `letters' in version `normal'
(Font)                  OML/cmm/m/it --> OML/ntxmi/m/it on input line 519.
LaTeX Font Info:    Overwriting symbol font `letters' in version `bold'
(Font)                  OML/cmm/b/it --> OML/ntxmi/m/it on input line 519.
LaTeX Font Info:    Overwriting symbol font `letters' in version `bold'
(Font)                  OML/ntxmi/m/it --> OML/ntxmi/b/it on input line 520.
\symlettersA=\mathgroup4
LaTeX Font Info:    Overwriting symbol font `lettersA' in version `bold'
(Font)                  U/ntxmia/m/it --> U/ntxmia/b/it on input line 565.
Now handling font encoding LMS ...
... no UTF-8 mapping file for font encoding LMS
LaTeX Font Info:    Redeclaring symbol font `symbols' on input line 587.
LaTeX Font Info:    Encoding `OMS' has changed to `LMS' for symbol font
(Font)              `symbols' in the math version `normal' on input line 587.
LaTeX Font Info:    Overwriting symbol font `symbols' in version `normal'
(Font)                  OMS/cmsy/m/n --> LMS/ntxsy/m/n on input line 587.
LaTeX Font Info:    Encoding `OMS' has changed to `LMS' for symbol font
(Font)              `symbols' in the math version `bold' on input line 587.
LaTeX Font Info:    Overwriting symbol font `symbols' in version `bold'
(Font)                  OMS/cmsy/b/n --> LMS/ntxsy/m/n on input line 587.
LaTeX Font Info:    Overwriting symbol font `symbols' in version `bold'
(Font)                  LMS/ntxsy/m/n --> LMS/ntxsy/b/n on input line 588.
\symAMSm=\mathgroup5
LaTeX Font Info:    Overwriting symbol font `AMSm' in version `bold'
(Font)                  U/ntxsym/m/n --> U/ntxsym/b/n on input line 613.
\symsymbolsC=\mathgroup6
LaTeX Font Info:    Overwriting symbol font `symbolsC' in version `bold'
(Font)                  U/ntxsyc/m/n --> U/ntxsyc/b/n on input line 634.
Now handling font encoding LMX ...
... no UTF-8 mapping file for font encoding LMX
LaTeX Font Info:    Redeclaring symbol font `largesymbols' on input line 647.
LaTeX Font Info:    Encoding `OMX' has changed to `LMX' for symbol font
(Font)              `largesymbols' in the math version `normal' on input line 647.
LaTeX Font Info:    Overwriting symbol font `largesymbols' in version `normal'
(Font)                  OMX/cmex/m/n --> LMX/ntxexx/m/n on input line 647.
LaTeX Font Info:    Encoding `OMX' has changed to `LMX' for symbol font
(Font)              `largesymbols' in the math version `bold' on input line 647.
LaTeX Font Info:    Overwriting symbol font `largesymbols' in version `bold'
(Font)                  OMX/cmex/m/n --> LMX/ntxexx/m/n on input line 647.
LaTeX Font Info:    Overwriting symbol font `largesymbols' in version `bold'
(Font)                  LMX/ntxexx/m/n --> LMX/ntxexx/b/n on input line 648.
\symlargesymbolsTXA=\mathgroup7
LaTeX Font Info:    Overwriting symbol font `largesymbolsTXA' in version `bold'
(Font)                  U/ntxexa/m/n --> U/ntxexa/b/n on input line 662.
\tx@sbptoks=\toks32
LaTeX Font Info:    Redeclaring math delimiter \lfloor on input line 885.
LaTeX Font Info:    Redeclaring math delimiter \rfloor on input line 886.
LaTeX Font Info:    Redeclaring math delimiter \lceil on input line 887.
LaTeX Font Info:    Redeclaring math delimiter \rceil on input line 888.
LaTeX Font Info:    Redeclaring math delimiter \lbrace on input line 893.
LaTeX Font Info:    Redeclaring math delimiter \rbrace on input line 894.
LaTeX Font Info:    Redeclaring math delimiter \langle on input line 896.
LaTeX Font Info:    Redeclaring math delimiter \rangle on input line 898.
LaTeX Font Info:    Redeclaring math delimiter \arrowvert on input line 902.
LaTeX Font Info:    Redeclaring math delimiter \vert on input line 903.
LaTeX Font Info:    Redeclaring math symbol \hbar on input line 949.
LaTeX Font Info:    Redeclaring math accent \dot on input line 974.
LaTeX Font Info:    Redeclaring math accent \ddot on input line 975.
LaTeX Font Info:    Redeclaring math accent \vec on input line 2048.
LaTeX Info: Redefining \Bbbk on input line 2838.
LaTeX Info: Redefining \not on input line 2986.
) (/usr/share/texmf/tex/latex/setspace/setspace.sty
Package: setspace 2022/12/04 v6.7b set line spacing
) (/usr/share/texmf/tex/generic/ulem/ulem.sty
\UL@box=\box107
\UL@hyphenbox=\box108
\UL@skip=\skip70
\UL@hook=\toks33
\UL@height=\dimen194
\UL@pe=\count325
\UL@pixel=\dimen195
\ULC@box=\box109
Package: ulem 2019/11/18
\ULdepth=\dimen196
) (/usr/share/texmf/tex/latex/caption/caption.sty
Package: caption 2023/08/05 v3.6o Customizing captions (AR)
 (/usr/share/texmf/tex/latex/caption/caption3.sty
Package: caption3 2023/07/31 v2.4d caption3 kernel (AR)
\caption@tempdima=\dimen197
\captionmargin=\dimen198
\caption@leftmargin=\dimen199
\caption@rightmargin=\dimen256
\caption@width=\dimen257
\caption@indent=\dimen258
\caption@parindent=\dimen259
\caption@hangindent=\dimen260
Package caption Info: Standard document class detected.
)
\c@caption@flags=\count326
\c@continuedfloat=\count327
Package caption Info: hyperref package is loaded.
Package caption Info: listings package is loaded.
Package caption Info: longtable package is loaded.
 (/usr/share/texmf/tex/latex/caption/ltcaption.sty
Package: ltcaption 2021/01/08 v1.4c longtable captions (AR)
)) (/usr/share/texmf/tex/latex/float/float.sty
Package: float 2001/11/08 v1.3d Float enhancements (AL)
\c@float@type=\count328
\float@exts=\toks34
\float@box=\box110
\@float@everytoks=\toks35
\@floatcapt=\box111
) (/usr/share/texmf/tex/latex/caption/subcaption.sty
Package: subcaption 2023/07/28 v1.6b Sub-captions (AR)
Package caption Info: New subtype `subfigure' on input line 238.
\c@subfigure=\count329
Package caption Info: New subtype `subtable' on input line 238.
\c@subtable=\count330
) (/usr/share/texmf/tex/latex/multirow/multirow.sty
Package: multirow 2021/03/15 v2.8 Span multiple rows of a table
\multirow@colwidth=\skip71
\multirow@cntb=\count331
\multirow@dima=\skip72
\bigstrutjot=\dimen261
) (/usr/share/texmf/tex/latex/colortbl/colortbl.sty
Package: colortbl 2024/02/20 v1.0g Color table columns (DPC)
 (/usr/share/texmf/tex/latex/tools/array.sty
Package: array 2023/10/16 v2.5g Tabular extension package (FMi)
\col@sep=\dimen262
\ar@mcellbox=\box112
\extrarowheight=\dimen263
\NC@list=\toks36
\extratabsurround=\skip73
\backup@length=\skip74
\ar@cellbox=\box113
)
\everycr=\toks37
\minrowclearance=\skip75
\rownum=\count332
) (/usr/share/texmf/tex/latex/lipsum/lipsum.sty (/usr/share/texmf/tex/latex/l3packages/l3keys2e/l3keys2e.sty
Package: l3keys2e 2024-02-18 LaTeX2e option processing using LaTeX3 keys
)
Package: lipsum 2021-09-20 v2.7 150 paragraphs of Lorem Ipsum dummy text
\g__lipsum_par_int=\count333
\l__lipsum_a_int=\count334
\l__lipsum_b_int=\count335
 (/usr/share/texmf/tex/latex/lipsum/lipsum.ltd.tex))
Package hyperref Info: Option `plainpages' set `false' on input line 114.
Package hyperref Info: Option `bookmarksopen' set `false' on input line 114.
Package hyperref Info: Option `bookmarksnumbered' set `true' on input line 114.
Package hyperref Info: Option `breaklinks' set `true' on input line 114.
Package hyperref Info: Option `linktocpage' set `true' on input line 114.
Package hyperref Info: Option `colorlinks' set `true' on input line 114.
LaTeX Font Info:    Trying to load font information for T1+ntxtlf on input line 122.
 (/usr/share/texmf/tex/latex/newtx/t1ntxtlf.fd
File: t1ntxtlf.fd 2021/05/24 v1.1 font definition file for T1/ntx/tlf
)
LaTeX Font Info:    Font shape `T1/ntxtlf/m/n' will be
(Font)              scaled to size 10.95pt on input line 122.
 (./ReportPhase1.aux)
\openout1 = `ReportPhase1.aux'.

LaTeX Font Info:    Checking defaults for OML/ntxmi/m/it on input line 122.
LaTeX Font Info:    Trying to load font information for OML+ntxmi on input line 122.
 (/usr/share/texmf/tex/latex/newtx/omlntxmi.fd
File: omlntxmi.fd 2015/08/25 Fontinst v1.933 font definitions for OML/ntxmi.
)
LaTeX Font Info:    ... okay on input line 122.
LaTeX Font Info:    Checking defaults for OMS/cmsy/m/n on input line 122.
LaTeX Font Info:    ... okay on input line 122.
LaTeX Font Info:    Checking defaults for OT1/cmr/m/n on input line 122.
LaTeX Font Info:    ... okay on input line 122.
LaTeX Font Info:    Checking defaults for T1/cmr/m/n on input line 122.
LaTeX Font Info:    ... okay on input line 122.
LaTeX Font Info:    Checking defaults for TS1/cmr/m/n on input line 122.
LaTeX Font Info:    ... okay on input line 122.
LaTeX Font Info:    Checking defaults for OMX/cmex/m/n on input line 122.
LaTeX Font Info:    ... okay on input line 122.
LaTeX Font Info:    Checking defaults for U/ntxexa/m/n on input line 122.
LaTeX Font Info:    Trying to load font information for U+ntxexa on input line 122.
 (/usr/share/texmf/tex/latex/newtx/untxexa.fd
File: untxexa.fd 2012/04/16 Fontinst v1.933 font definitions for U/ntxexa.
)
LaTeX Font Info:    ... okay on input line 122.
LaTeX Font Info:    Checking defaults for PD1/pdf/m/n on input line 122.
LaTeX Font Info:    ... okay on input line 122.
LaTeX Font Info:    Checking defaults for PU/pdf/m/n on input line 122.
LaTeX Font Info:    ... okay on input line 122.
LaTeX Font Info:    Checking defaults for LMS/ntxsy/m/n on input line 122.
LaTeX Font Info:    Trying to load font information for LMS+ntxsy on input line 122.
 (/usr/share/texmf/tex/latex/newtx/lmsntxsy.fd
File: lmsntxsy.fd 2016/07/02 Fontinst v1.933 font definitions for LMS/ntxsy.
)
LaTeX Font Info:    ... okay on input line 122.
LaTeX Font Info:    Checking defaults for LMX/ntxexx/m/n on input line 122.
LaTeX Font Info:    Trying to load font information for LMX+ntxexx on input line 122.
 (/usr/share/texmf/tex/latex/newtx/lmxntxexx.fd
File: lmxntxexx.fd 2016/07/03 Fontinst v1.933 font definitions for LMX/ntxexx.
)
LaTeX Font Info:    ... okay on input line 122.
 (/usr/share/texmf/tex/context/base/mkii/supp-pdf.mkii
[Loading MPS to PDF converter (version 2006.09.02).]
\scratchcounter=\count336
\scratchdimen=\dimen264
\scratchbox=\box114
\nofMPsegments=\count337
\nofMParguments=\count338
\everyMPshowfont=\toks38
\MPscratchCnt=\count339
\MPscratchDim=\dimen265
\MPnumerator=\count340
\makeMPintoPDFobject=\count341
\everyMPtoPDFconversion=\toks39
) (/usr/share/texmf/tex/latex/epstopdf-pkg/epstopdf-base.sty
Package: epstopdf-base 2020-01-24 v2.11 Base part for package epstopdf
Package epstopdf-base Info: Redefining graphics rule for `.eps' on input line 485.
 (/usr/share/texmf/tex/latex/latexconfig/epstopdf-sys.cfg
File: epstopdf-sys.cfg 2010/07/13 v1.3 Configuration of (r)epstopdf for TeX Live
))
\c@lstlisting=\count342

*geometry* driver: auto-detecting
*geometry* detected driver: pdftex
*geometry* verbose mode - [ preamble ] result:
* driver: pdftex
* paper: a4paper
* layout: <same size as paper>
* layoutoffset:(h,v)=(0.0pt,0.0pt)
* modes: 
* h-part:(L,W,R)=(71.13188pt, 455.24411pt, 71.13188pt)
* v-part:(T,H,B)=(71.13188pt, 702.78308pt, 71.13188pt)
* \paperwidth=597.50787pt
* \paperheight=845.04684pt
* \textwidth=455.24411pt
* \textheight=702.78308pt
* \oddsidemargin=-1.1381pt
* \evensidemargin=-1.1381pt
* \topmargin=-43.20975pt
* \headheight=17.07164pt
* \headsep=25.0pt
* \topskip=11.0pt
* \footskip=34.1433pt
* \marginparwidth=56.9055pt
* \marginparsep=10.0pt
* \columnsep=85.35826pt
* \skip\footins=10.0pt plus 4.0pt minus 2.0pt
* \hoffset=0.0pt
* \voffset=0.0pt
* \mag=1000
* \@twocolumnfalse
* \@twosidefalse
* \@mparswitchfalse
* \@reversemarginfalse
* (1in=72.27pt=25.4mm, 1cm=28.453pt)

Package hyperref Info: Link coloring ON on input line 122.
\@outlinefile=\write3
\openout3 = `ReportPhase1.out'.

\c@mv@tabular=\count343
\c@mv@boldtabular=\count344
LaTeX Info: Command `\dddot' is already robust on input line 122.
LaTeX Info: Command `\ddddot' is already robust on input line 122.
Package caption Info: Begin \AtBeginDocument code.
Package caption Info: float package is loaded.
Package caption Info: End \AtBeginDocument code.
LaTeX Font Info:    Font shape `T1/ntxtlf/m/n' will be
(Font)              scaled to size 12.0pt on input line 130.
LaTeX Font Info:    Font shape `T1/ntxtlf/b/n' will be
(Font)              scaled to size 12.0pt on input line 130.
LaTeX Font Info:    Font shape `T1/ntxtlf/b/sc' will be
(Font)              scaled to size 12.0pt on input line 130.
<./images/logoisel.png, id=4, 426.8748pt x 286.1892pt>
File: ./images/logoisel.png Graphic file (type png)
<use ./images/logoisel.png>
Package pdftex.def Info: ./images/logoisel.png  used on input line 134.
(pdftex.def)             Requested size: 176.40707pt x 118.26846pt.
LaTeX Font Info:    Font shape `T1/ntxtlf/m/n' will be
(Font)              scaled to size 20.74pt on input line 138.
LaTeX Font Info:    Font shape `T1/ntxtlf/b/n' will be
(Font)              scaled to size 20.74pt on input line 138.
LaTeX Font Info:    Font shape `T1/ntxtlf/m/n' will be
(Font)              scaled to size 14.4pt on input line 139.
LaTeX Font Info:    Font shape `T1/ntxtlf/b/n' will be
(Font)              scaled to size 14.4pt on input line 139.
LaTeX Font Info:    Trying to load font information for OT1+minntx on input line 155.
(/usr/share/texmf/tex/latex/newtx/ot1minntx.fd
File: ot1minntx.fd 2023/09/09 v1.1 font definition file for OT1/minntx
)
LaTeX Font Info:    Trying to load font information for U+ntxmia on input line 155.
 (/usr/share/texmf/tex/latex/newtx/untxmia.fd
File: untxmia.fd 2018/04/14 Fontinst v1.933 font definitions for U/ntxmia.
)
LaTeX Font Info:    Trying to load font information for U+ntxsym on input line 155.
 (/usr/share/texmf/tex/latex/newtx/untxsym.fd
File: untxsym.fd 2023/08/16 Fontinst v1.933 font definitions for U/ntxsym.
)
LaTeX Font Info:    Trying to load font information for U+ntxsyc on input line 155.
 (/usr/share/texmf/tex/latex/newtx/untxsyc.fd
File: untxsyc.fd 2012/04/12 Fontinst v1.933 font definitions for U/ntxsyc.
) [1

{/var/lib/texmf/fonts/map/pdftex/updmap/pdftex.map}{/usr/share/texmf/fonts/enc/dvips/newtx/ntx-ec-tlf-pc.enc}{/usr/share/texmf/fonts/enc/dvips/newtx/ntx-ec-tlf.enc} <./images/logoisel.png>]
LaTeX Font Info:    Font shape `T1/ntxtlf/m/n' will be
(Font)              scaled to size 24.88pt on input line 166.
LaTeX Font Info:    Font shape `T1/ntxtlf/b/n' will be
(Font)              scaled to size 24.88pt on input line 166.

No file ReportPhase1.toc.
\tf@toc=\write4
\openout4 = `ReportPhase1.toc'.


pdfTeX warning (ext4): destination with the same identifier (name{page.i}) has been already used, duplicate ignored
<to be read again> 
                   \relax 
l.169 \listoffigures
                     [1

]
No file ReportPhase1.lof.
\tf@lof=\write5
\openout5 = `ReportPhase1.lof'.

[2

]
No file ReportPhase1.lot.
\tf@lot=\write6
\openout6 = `ReportPhase1.lot'.

[3

] [4

]
LaTeX Font Info:    Font shape `T1/ntxtlf/b/n' will be
(Font)              scaled to size 10.95pt on input line 205.
 [5

]
LaTeX Font Info:    Font shape `T1/ntxtlf/m/n' will be
(Font)              scaled to size 10.0pt on input line 239.
LaTeX Font Info:    Font shape `T1/ntxtlf/m/it' will be
(Font)              scaled to size 10.0pt on input line 239.
LaTeX Font Info:    Font shape `T1/ntxtlf/b/n' will be
(Font)              scaled to size 10.0pt on input line 239.


LaTeX Warning: Reference `LastPage' on page vi undefined on input line 239.

[6]
Cap\'{\i }tulo 1.
[1

]
Cap\'{\i }tulo 2.
LaTeX Font Info:    Trying to load font information for TS1+ntxtlf on input line 249.
(/usr/share/texmf/tex/latex/newtx/ts1ntxtlf.fd
File: ts1ntxtlf.fd 2015/01/18 v1.0 fd file for TS1/ntxtlf
)
LaTeX Font Info:    Font shape `TS1/ntxtlf/m/n' will be
(Font)              scaled to size 10.95pt on input line 249.
 [2

{/usr/share/texmf/fonts/enc/dvips/tex-gyre/q-ts1.enc}]
LaTeX Font Info:    Font shape `T1/ntxtlf/m/it' will be
(Font)              scaled to size 10.95pt on input line 285.
<./images/install_xampp08.png, id=61, 844.65562pt x 444.91219pt>
File: ./images/install_xampp08.png Graphic file (type png)
<use ./images/install_xampp08.png>
Package pdftex.def Info: ./images/install_xampp08.png  used on input line 286.
(pdftex.def)             Requested size: 253.39864pt x 133.47467pt.
<./images/install_xampp09.png, id=62, 975.645pt x 484.81125pt>
File: ./images/install_xampp09.png Graphic file (type png)
<use ./images/install_xampp09.png>
Package pdftex.def Info: ./images/install_xampp09.png  used on input line 288.
(pdftex.def)             Requested size: 292.69576pt x 145.44449pt.
<./images/install_xampp10.png, id=63, 845.40843pt x 444.91219pt>
File: ./images/install_xampp10.png Graphic file (type png)
<use ./images/install_xampp10.png>
Package pdftex.def Info: ./images/install_xampp10.png  used on input line 291.
(pdftex.def)             Requested size: 253.62448pt x 133.47467pt.
<./images/install_xampp13.png, id=64, 956.07187pt x 465.23813pt>
File: ./images/install_xampp13.png Graphic file (type png)
<use ./images/install_xampp13.png>
Package pdftex.def Info: ./images/install_xampp13.png  used on input line 291.
(pdftex.def)             Requested size: 286.82378pt x 139.57251pt.
<./images/install_xampp14.png, id=65, 956.07187pt x 465.23813pt>
File: ./images/install_xampp14.png Graphic file (type png)
<use ./images/install_xampp14.png>
Package pdftex.def Info: ./images/install_xampp14.png  used on input line 293.
(pdftex.def)             Requested size: 286.82378pt x 139.57251pt.
<./images/install_xampp15.png, id=66, 1015.54407pt x 523.9575pt>
File: ./images/install_xampp15.png Graphic file (type png)
<use ./images/install_xampp15.png>
Package pdftex.def Info: ./images/install_xampp15.png  used on input line 298.
(pdftex.def)             Requested size: 304.66557pt x 157.18846pt.
<./images/install_xampp16.png, id=67, 1015.54407pt x 523.9575pt>
File: ./images/install_xampp16.png Graphic file (type png)
<use ./images/install_xampp16.png>
Package pdftex.def Info: ./images/install_xampp16.png  used on input line 300.
(pdftex.def)             Requested size: 304.66557pt x 157.18846pt.
<./images/install_xampp17.png, id=68, 1028.34187pt x 517.935pt>
File: ./images/install_xampp17.png Graphic file (type png)
<use ./images/install_xampp17.png>
Package pdftex.def Info: ./images/install_xampp17.png  used on input line 304.
(pdftex.def)             Requested size: 308.50494pt x 155.38168pt.

Overfull \hbox (1298.81625pt too wide) in paragraph at lines 281--306
\T1/ntxtlf/m/n/10.95 ter un-com-pres-sing our down-lo-a-ded file, we can start the pro-cess. [] 
 []


LaTeX Warning: Reference `LastPage' on page 3 undefined on input line 307.

[3]
Overfull \vbox (348.09993pt too high) has occurred while \output is active []



LaTeX Warning: Reference `LastPage' on page 4 undefined on input line 307.

[4 <./images/install_xampp08.png> <./images/install_xampp09.png> <./images/install_xampp10.png> <./images/install_xampp13.png> <./images/install_xampp14.png> <./images/install_xampp15.png> <./images/install_xampp16.png> <./images/install_xampp17.png>]
<./images/install_wireshark02.png, id=85, 373.395pt x 289.83281pt>
File: ./images/install_wireshark02.png Graphic file (type png)
<use ./images/install_wireshark02.png>
Package pdftex.def Info: ./images/install_wireshark02.png  used on input line 311.
(pdftex.def)             Requested size: 112.01936pt x 86.9505pt.
<./images/install_wireshark21.png, id=86, 373.395pt x 289.83281pt>
File: ./images/install_wireshark21.png Graphic file (type png)
<use ./images/install_wireshark21.png>
Package pdftex.def Info: ./images/install_wireshark21.png  used on input line 312.
(pdftex.def)             Requested size: 112.01936pt x 86.9505pt.

Overfull \hbox (233.09871pt too wide) in paragraph at lines 307--314
\T1/ntxtlf/m/n/10.95 pro-cess is pretty sim-ple, se-lec-ting everything avai-la-ble and pres-sing next. [] 
 []

(/usr/share/texmf/tex/latex/listings/lstlang1.sty
File: lstlang1.sty 2024/02/21 1.10 listings language file
)
Package hyperref Info: bookmark level for unknown lstlisting defaults to 0 on input line 317.
LaTeX Font Info:    Font shape `T1/ntxtlf/m/n' will be
(Font)              scaled to size 9.0pt on input line 317.
LaTeX Font Info:    Trying to load font information for T1+ntxtt on input line 317.
 (/usr/share/texmf/tex/latex/newtx/t1ntxtt.fd
File: t1ntxtt.fd 2012/04/20 v3.1
)
LaTeX Font Info:    Font shape `T1/ntxtt/m/n' will be
(Font)              scaled to size 9.0pt on input line 317.
 (./webclient/httpsocketv3.py
LaTeX Font Info:    Font shape `T1/ntxtlf/m/n' will be
(Font)              scaled to size 8.0pt on input line 1.
LaTeX Font Info:    Font shape `T1/ntxtt/m/n' will be
(Font)              scaled to size 8.0pt on input line 1.
LaTeX Font Info:    Trying to load font information for T1+txtt on input line 1.
 (/usr/share/texmf/tex/latex/txfonts/t1txtt.fd
File: t1txtt.fd 2000/12/15 v3.1
)
LaTeX Font Info:    Font shape `T1/ntxtt/m/it' in size <9> not available
(Font)              Font shape `T1/txtt/m/sl' tried instead on input line 1.


./webclient/httpsocketv3.py:4: LaTeX Error: Invalid UTF-8 byte sequence (√\expandafter).

See the LaTeX manual or LaTeX Companion for explanation.
Type  H <return>  for immediate help.
 ...                                              
                                                  
l.4 Original code by: Lu√≠s 
                            Pires
The document does not appear to be in UTF-8 encoding.
Try adding \UseRawInputEncoding as the first line of the file
or specify an encoding such as \usepackage [latin1]{inputenc}
in the document preamble.
Alternatively, save the file in UTF-8 using your editor or another tool


./webclient/httpsocketv3.py:4: LaTeX Error: Invalid UTF-8 byte "AD.

See the LaTeX manual or LaTeX Companion for explanation.
Type  H <return>  for immediate help.
 ...                                              
                                                  
l.4 Original code by: Lu√≠s 
                            Pires
The document does not appear to be in UTF-8 encoding.
Try adding \UseRawInputEncoding as the first line of the file
or specify an encoding such as \usepackage [latin1]{inputenc}
in the document preamble.
Alternatively, save the file in UTF-8 using your editor or another tool

LaTeX Font Info:    Font shape `T1/ntxtt/b/n' in size <9> not available
(Font)              Font shape `T1/txtt/bx/n' tried instead on input line 11.

LaTeX Warning: Reference `LastPage' on page 5 undefined on input line 42.

[5 <./images/install_wireshark02.png> <./images/install_wireshark21.png>])
LaTeX Font Info:    Font shape `T1/ntxtt/m/n' will be
(Font)              scaled to size 10.95pt on input line 317.

/home/operador/Documents/GitRepositories/RCp2324sv/phase1/ReportPhase1.tex:321: Undefined control sequence.
l.321         \VerbatimInput
                            {./webclient/httpsocketv3\_output\_20240329.txt}
The control sequence at the end of the top line
of your error message was never \def'ed. If you have
misspelled it (e.g., `\hobx'), type `I' and the correct
spelling (e.g., `I\hbox'). Otherwise just continue,
and I'll forget about whatever was undefined.

<./images/librewolf_tls.png, id=136, 971.12813pt x 583.42969pt>
File: ./images/librewolf_tls.png Graphic file (type png)
<use ./images/librewolf_tls.png>
Package pdftex.def Info: ./images/librewolf_tls.png  used on input line 325.
(pdftex.def)             Requested size: 291.34068pt x 175.03024pt.

Package caption Warning: \setcaptiontype
(caption)                outside box or environment on input line 326.
See the caption package documentation for explanation.


Package caption Warning: The option `hypcap=true' will be ignored for this
(caption)                particular \caption on input line 326.
See the caption package documentation for explanation.


Underfull \hbox (badness 7576) in paragraph at lines 324--326
\T1/ntxtlf/m/n/10.95 First we must en-sure the brow-ser being used can con-nect to the XAMPP ser-
 []


Underfull \hbox (badness 10000) in paragraph at lines 324--326
\T1/ntxtlf/m/n/10.95 ver with HTTP. We can do that by ena-bling the usage of de-pre-ca-ted TLS.
 []

<./images/wscapwcsocket05.png, id=137, 1028.34187pt x 523.9575pt>
File: ./images/wscapwcsocket05.png Graphic file (type png)
<use ./images/wscapwcsocket05.png>
Package pdftex.def Info: ./images/wscapwcsocket05.png  used on input line 329.
(pdftex.def)             Requested size: 308.50494pt x 157.18846pt.
<./images/wscapwcsocket06.png, id=138, 1028.34187pt x 523.9575pt>
File: ./images/wscapwcsocket06.png Graphic file (type png)
<use ./images/wscapwcsocket06.png>
Package pdftex.def Info: ./images/wscapwcsocket06.png  used on input line 330.
(pdftex.def)             Requested size: 308.50494pt x 157.18846pt.
<./images/wscapwcsocket07.png, id=139, 1028.34187pt x 523.9575pt>
File: ./images/wscapwcsocket07.png Graphic file (type png)
<use ./images/wscapwcsocket07.png>
Package pdftex.def Info: ./images/wscapwcsocket07.png  used on input line 331.
(pdftex.def)             Requested size: 308.50494pt x 157.18846pt.
<./images/wscapwcsocket08.png, id=140, 1028.34187pt x 523.9575pt>
File: ./images/wscapwcsocket08.png Graphic file (type png)
<use ./images/wscapwcsocket08.png>
Package pdftex.def Info: ./images/wscapwcsocket08.png  used on input line 332.
(pdftex.def)             Requested size: 308.50494pt x 157.18846pt.

Underfull \hbox (badness 10000) in paragraph at lines 328--333
[]\T1/ntxtlf/m/n/10.95 Printscreen []
 []


Overfull \hbox (163.4082pt too wide) in paragraph at lines 328--333
[] []
 []


LaTeX Warning: Reference `LastPage' on page 6 undefined on input line 333.

[6 <./images/librewolf_tls.png> <./images/wscapwcsocket05.png>]
/home/operador/Documents/GitRepositories/RCp2324sv/phase1/ReportPhase1.tex:335: Undefined control sequence.
l.335         \VerbatimInput
                            {./wireshark/ws\_capture01\_export.txt} % vpn
The control sequence at the end of the top line
of your error message was never \def'ed. If you have
misspelled it (e.g., `\hobx'), type `I' and the correct
spelling (e.g., `I\hbox'). Otherwise just continue,
and I'll forget about whatever was undefined.

/home/operador/Documents/GitRepositories/RCp2324sv/phase1/ReportPhase1.tex:336: Undefined control sequence.
l.336         \VerbatimInput
                            {./wireshark/ws\_capture02\_export.txt} % browser
The control sequence at the end of the top line
of your error message was never \def'ed. If you have
misspelled it (e.g., `\hobx'), type `I' and the correct
spelling (e.g., `I\hbox'). Otherwise just continue,
and I'll forget about whatever was undefined.

/home/operador/Documents/GitRepositories/RCp2324sv/phase1/ReportPhase1.tex:337: Undefined control sequence.
l.337         \VerbatimInput
                            {./wireshark/ws\_capture04\_export.txt} % webclient
The control sequence at the end of the top line
of your error message was never \def'ed. If you have
misspelled it (e.g., `\hobx'), type `I' and the correct
spelling (e.g., `I\hbox'). Otherwise just continue,
and I'll forget about whatever was undefined.


Underfull \hbox (badness 10000) in paragraph at lines 334--338
[]\T1/ntxtlf/m/n/10.95 Capture out-put ./wi-reshark/ws_capture01_export.txt ./wi-reshark/ws_capture02_export.txt ./wi-
 []

/home/operador/Documents/GitRepositories/RCp2324sv/phase1/ReportPhase1.tex:340: Undefined control sequence.
<argument> \nHost 
                  
l.340 ...equest:} GET /dashboard/ HTTP/1.1\r\nHost
                                                  :127.24.1.12\r\n\r\n \\
The control sequence at the end of the top line
of your error message was never \def'ed. If you have
misspelled it (e.g., `\hobx'), type `I' and the correct
spelling (e.g., `I\hbox'). Otherwise just continue,
and I'll forget about whatever was undefined.

/home/operador/Documents/GitRepositories/RCp2324sv/phase1/ReportPhase1.tex:340: Undefined control sequence.
<argument> \nHost 
                  
l.340 ...equest:} GET /dashboard/ HTTP/1.1\r\nHost
                                                  :127.24.1.12\r\n\r\n \\
The control sequence at the end of the top line
of your error message was never \def'ed. If you have
misspelled it (e.g., `\hobx'), type `I' and the correct
spelling (e.g., `I\hbox'). Otherwise just continue,
and I'll forget about whatever was undefined.

/home/operador/Documents/GitRepositories/RCp2324sv/phase1/ReportPhase1.tex:340: Undefined control sequence.
<argument> \n 
              
l.340 ...shboard/ HTTP/1.1\r\nHost:127.24.1.12\r\n
                                                  \r\n \\
The control sequence at the end of the top line
of your error message was never \def'ed. If you have
misspelled it (e.g., `\hobx'), type `I' and the correct
spelling (e.g., `I\hbox'). Otherwise just continue,
and I'll forget about whatever was undefined.

/home/operador/Documents/GitRepositories/RCp2324sv/phase1/ReportPhase1.tex:340: Undefined control sequence.
<argument> \n 
              
l.340 ...shboard/ HTTP/1.1\r\nHost:127.24.1.12\r\n
                                                  \r\n \\
The control sequence at the end of the top line
of your error message was never \def'ed. If you have
misspelled it (e.g., `\hobx'), type `I' and the correct
spelling (e.g., `I\hbox'). Otherwise just continue,
and I'll forget about whatever was undefined.

/home/operador/Documents/GitRepositories/RCp2324sv/phase1/ReportPhase1.tex:340: Undefined control sequence.
<argument> \n 
              
l.340 ...ard/ HTTP/1.1\r\nHost:127.24.1.12\r\n\r\n
                                                   \\
The control sequence at the end of the top line
of your error message was never \def'ed. If you have
misspelled it (e.g., `\hobx'), type `I' and the correct
spelling (e.g., `I\hbox'). Otherwise just continue,
and I'll forget about whatever was undefined.

/home/operador/Documents/GitRepositories/RCp2324sv/phase1/ReportPhase1.tex:340: Undefined control sequence.
<argument> \n 
              
l.340 ...ard/ HTTP/1.1\r\nHost:127.24.1.12\r\n\r\n
                                                   \\
The control sequence at the end of the top line
of your error message was never \def'ed. If you have
misspelled it (e.g., `\hobx'), type `I' and the correct
spelling (e.g., `I\hbox'). Otherwise just continue,
and I'll forget about whatever was undefined.

/home/operador/Documents/GitRepositories/RCp2324sv/phase1/ReportPhase1.tex:343: Undefined control sequence.
<argument> \nHost 
                  
l.343 ...Request:} GET /dashboard HTTP/1.1\r\nHost
                                                  :127.24.1.12\r\n\r\n \\
The control sequence at the end of the top line
of your error message was never \def'ed. If you have
misspelled it (e.g., `\hobx'), type `I' and the correct
spelling (e.g., `I\hbox'). Otherwise just continue,
and I'll forget about whatever was undefined.

/home/operador/Documents/GitRepositories/RCp2324sv/phase1/ReportPhase1.tex:343: Undefined control sequence.
<argument> \nHost 
                  
l.343 ...Request:} GET /dashboard HTTP/1.1\r\nHost
                                                  :127.24.1.12\r\n\r\n \\
The control sequence at the end of the top line
of your error message was never \def'ed. If you have
misspelled it (e.g., `\hobx'), type `I' and the correct
spelling (e.g., `I\hbox'). Otherwise just continue,
and I'll forget about whatever was undefined.

/home/operador/Documents/GitRepositories/RCp2324sv/phase1/ReportPhase1.tex:343: Undefined control sequence.
<argument> \n 
              
l.343 ...ashboard HTTP/1.1\r\nHost:127.24.1.12\r\n
                                                  \r\n \\
The control sequence at the end of the top line
of your error message was never \def'ed. If you have
misspelled it (e.g., `\hobx'), type `I' and the correct
spelling (e.g., `I\hbox'). Otherwise just continue,
and I'll forget about whatever was undefined.

/home/operador/Documents/GitRepositories/RCp2324sv/phase1/ReportPhase1.tex:343: Undefined control sequence.
<argument> \n 
              
l.343 ...ashboard HTTP/1.1\r\nHost:127.24.1.12\r\n
                                                  \r\n \\
The control sequence at the end of the top line
of your error message was never \def'ed. If you have
misspelled it (e.g., `\hobx'), type `I' and the correct
spelling (e.g., `I\hbox'). Otherwise just continue,
and I'll forget about whatever was undefined.

/home/operador/Documents/GitRepositories/RCp2324sv/phase1/ReportPhase1.tex:343: Undefined control sequence.
<argument> \n 
              
l.343 ...oard HTTP/1.1\r\nHost:127.24.1.12\r\n\r\n
                                                   \\
The control sequence at the end of the top line
of your error message was never \def'ed. If you have
misspelled it (e.g., `\hobx'), type `I' and the correct
spelling (e.g., `I\hbox'). Otherwise just continue,
and I'll forget about whatever was undefined.

/home/operador/Documents/GitRepositories/RCp2324sv/phase1/ReportPhase1.tex:343: Undefined control sequence.
<argument> \n 
              
l.343 ...oard HTTP/1.1\r\nHost:127.24.1.12\r\n\r\n
                                                   \\
The control sequence at the end of the top line
of your error message was never \def'ed. If you have
misspelled it (e.g., `\hobx'), type `I' and the correct
spelling (e.g., `I\hbox'). Otherwise just continue,
and I'll forget about whatever was undefined.

/home/operador/Documents/GitRepositories/RCp2324sv/phase1/ReportPhase1.tex:346: Undefined control sequence.
<argument> \nHost 
                  
l.346 ... \textbf{Request:} PUT / HTTP/1.1\r\nHost
                                                  :127.24.1.12\r\n\r\n
The control sequence at the end of the top line
of your error message was never \def'ed. If you have
misspelled it (e.g., `\hobx'), type `I' and the correct
spelling (e.g., `I\hbox'). Otherwise just continue,
and I'll forget about whatever was undefined.

/home/operador/Documents/GitRepositories/RCp2324sv/phase1/ReportPhase1.tex:346: Undefined control sequence.
<argument> \nHost 
                  
l.346 ... \textbf{Request:} PUT / HTTP/1.1\r\nHost
                                                  :127.24.1.12\r\n\r\n
The control sequence at the end of the top line
of your error message was never \def'ed. If you have
misspelled it (e.g., `\hobx'), type `I' and the correct
spelling (e.g., `I\hbox'). Otherwise just continue,
and I'll forget about whatever was undefined.

/home/operador/Documents/GitRepositories/RCp2324sv/phase1/ReportPhase1.tex:346: Undefined control sequence.
<argument> \n 
              
l.346 ...:} PUT / HTTP/1.1\r\nHost:127.24.1.12\r\n
                                                  \r\n
The control sequence at the end of the top line
of your error message was never \def'ed. If you have
misspelled it (e.g., `\hobx'), type `I' and the correct
spelling (e.g., `I\hbox'). Otherwise just continue,
and I'll forget about whatever was undefined.

/home/operador/Documents/GitRepositories/RCp2324sv/phase1/ReportPhase1.tex:346: Undefined control sequence.
<argument> \n 
              
l.346 ...:} PUT / HTTP/1.1\r\nHost:127.24.1.12\r\n
                                                  \r\n
The control sequence at the end of the top line
of your error message was never \def'ed. If you have
misspelled it (e.g., `\hobx'), type `I' and the correct
spelling (e.g., `I\hbox'). Otherwise just continue,
and I'll forget about whatever was undefined.

/home/operador/Documents/GitRepositories/RCp2324sv/phase1/ReportPhase1.tex:346: Undefined control sequence.
<argument> \n 
              
l.346 ...UT / HTTP/1.1\r\nHost:127.24.1.12\r\n\r\n
                                                  
The control sequence at the end of the top line
of your error message was never \def'ed. If you have
misspelled it (e.g., `\hobx'), type `I' and the correct
spelling (e.g., `I\hbox'). Otherwise just continue,
and I'll forget about whatever was undefined.

/home/operador/Documents/GitRepositories/RCp2324sv/phase1/ReportPhase1.tex:346: Undefined control sequence.
<argument> \n 
              
l.346 ...UT / HTTP/1.1\r\nHost:127.24.1.12\r\n\r\n
                                                  
The control sequence at the end of the top line
of your error message was never \def'ed. If you have
misspelled it (e.g., `\hobx'), type `I' and the correct
spelling (e.g., `I\hbox'). Otherwise just continue,
and I'll forget about whatever was undefined.

/home/operador/Documents/GitRepositories/RCp2324sv/phase1/ReportPhase1.tex:349: Undefined control sequence.
<argument> \nHost 
                  
l.349 ...{Request:} GET /dashboard HTTP/1.\r\nHost
                                                  :127.24.1.12\r\n\r\n
The control sequence at the end of the top line
of your error message was never \def'ed. If you have
misspelled it (e.g., `\hobx'), type `I' and the correct
spelling (e.g., `I\hbox'). Otherwise just continue,
and I'll forget about whatever was undefined.

/home/operador/Documents/GitRepositories/RCp2324sv/phase1/ReportPhase1.tex:349: Undefined control sequence.
<argument> \nHost 
                  
l.349 ...{Request:} GET /dashboard HTTP/1.\r\nHost
                                                  :127.24.1.12\r\n\r\n
The control sequence at the end of the top line
of your error message was never \def'ed. If you have
misspelled it (e.g., `\hobx'), type `I' and the correct
spelling (e.g., `I\hbox'). Otherwise just continue,
and I'll forget about whatever was undefined.

/home/operador/Documents/GitRepositories/RCp2324sv/phase1/ReportPhase1.tex:349: Undefined control sequence.
<argument> \n 
              
l.349 ...dashboard HTTP/1.\r\nHost:127.24.1.12\r\n
                                                  \r\n
The control sequence at the end of the top line
of your error message was never \def'ed. If you have
misspelled it (e.g., `\hobx'), type `I' and the correct
spelling (e.g., `I\hbox'). Otherwise just continue,
and I'll forget about whatever was undefined.

/home/operador/Documents/GitRepositories/RCp2324sv/phase1/ReportPhase1.tex:349: Undefined control sequence.
<argument> \n 
              
l.349 ...dashboard HTTP/1.\r\nHost:127.24.1.12\r\n
                                                  \r\n
The control sequence at the end of the top line
of your error message was never \def'ed. If you have
misspelled it (e.g., `\hobx'), type `I' and the correct
spelling (e.g., `I\hbox'). Otherwise just continue,
and I'll forget about whatever was undefined.

/home/operador/Documents/GitRepositories/RCp2324sv/phase1/ReportPhase1.tex:349: Undefined control sequence.
<argument> \n 
              
l.349 ...board HTTP/1.\r\nHost:127.24.1.12\r\n\r\n
                                                  
The control sequence at the end of the top line
of your error message was never \def'ed. If you have
misspelled it (e.g., `\hobx'), type `I' and the correct
spelling (e.g., `I\hbox'). Otherwise just continue,
and I'll forget about whatever was undefined.

/home/operador/Documents/GitRepositories/RCp2324sv/phase1/ReportPhase1.tex:349: Undefined control sequence.
<argument> \n 
              
l.349 ...board HTTP/1.\r\nHost:127.24.1.12\r\n\r\n
                                                  
The control sequence at the end of the top line
of your error message was never \def'ed. If you have
misspelled it (e.g., `\hobx'), type `I' and the correct
spelling (e.g., `I\hbox'). Otherwise just continue,
and I'll forget about whatever was undefined.

/home/operador/Documents/GitRepositories/RCp2324sv/phase1/ReportPhase1.tex:352: Undefined control sequence.
<argument> \nHost 
                  
l.352 ...GET /dashboard/index.htm HTTP/1.1\r\nHost
                                                  :127.24.1.12\r\n\r\n
The control sequence at the end of the top line
of your error message was never \def'ed. If you have
misspelled it (e.g., `\hobx'), type `I' and the correct
spelling (e.g., `I\hbox'). Otherwise just continue,
and I'll forget about whatever was undefined.

/home/operador/Documents/GitRepositories/RCp2324sv/phase1/ReportPhase1.tex:352: Undefined control sequence.
<argument> \nHost 
                  
l.352 ...GET /dashboard/index.htm HTTP/1.1\r\nHost
                                                  :127.24.1.12\r\n\r\n
The control sequence at the end of the top line
of your error message was never \def'ed. If you have
misspelled it (e.g., `\hobx'), type `I' and the correct
spelling (e.g., `I\hbox'). Otherwise just continue,
and I'll forget about whatever was undefined.

/home/operador/Documents/GitRepositories/RCp2324sv/phase1/ReportPhase1.tex:352: Undefined control sequence.
<argument> \n 
              
l.352 ...ndex.htm HTTP/1.1\r\nHost:127.24.1.12\r\n
                                                  \r\n
The control sequence at the end of the top line
of your error message was never \def'ed. If you have
misspelled it (e.g., `\hobx'), type `I' and the correct
spelling (e.g., `I\hbox'). Otherwise just continue,
and I'll forget about whatever was undefined.

/home/operador/Documents/GitRepositories/RCp2324sv/phase1/ReportPhase1.tex:352: Undefined control sequence.
<argument> \n 
              
l.352 ...ndex.htm HTTP/1.1\r\nHost:127.24.1.12\r\n
                                                  \r\n
The control sequence at the end of the top line
of your error message was never \def'ed. If you have
misspelled it (e.g., `\hobx'), type `I' and the correct
spelling (e.g., `I\hbox'). Otherwise just continue,
and I'll forget about whatever was undefined.

/home/operador/Documents/GitRepositories/RCp2324sv/phase1/ReportPhase1.tex:352: Undefined control sequence.
<argument> \n 
              
l.352 ....htm HTTP/1.1\r\nHost:127.24.1.12\r\n\r\n
                                                  
The control sequence at the end of the top line
of your error message was never \def'ed. If you have
misspelled it (e.g., `\hobx'), type `I' and the correct
spelling (e.g., `I\hbox'). Otherwise just continue,
and I'll forget about whatever was undefined.

/home/operador/Documents/GitRepositories/RCp2324sv/phase1/ReportPhase1.tex:352: Undefined control sequence.
<argument> \n 
              
l.352 ....htm HTTP/1.1\r\nHost:127.24.1.12\r\n\r\n
                                                  
The control sequence at the end of the top line
of your error message was never \def'ed. If you have
misspelled it (e.g., `\hobx'), type `I' and the correct
spelling (e.g., `I\hbox'). Otherwise just continue,
and I'll forget about whatever was undefined.

/home/operador/Documents/GitRepositories/RCp2324sv/phase1/ReportPhase1.tex:355: Undefined control sequence.
<argument> \nHost 
                  
l.355 ...\textbf{Request:} PUT /d HTTP/1.1\r\nHost
                                                  :127.24.1.12\r\n\r\n
The control sequence at the end of the top line
of your error message was never \def'ed. If you have
misspelled it (e.g., `\hobx'), type `I' and the correct
spelling (e.g., `I\hbox'). Otherwise just continue,
and I'll forget about whatever was undefined.

/home/operador/Documents/GitRepositories/RCp2324sv/phase1/ReportPhase1.tex:355: Undefined control sequence.
<argument> \nHost 
                  
l.355 ...\textbf{Request:} PUT /d HTTP/1.1\r\nHost
                                                  :127.24.1.12\r\n\r\n
The control sequence at the end of the top line
of your error message was never \def'ed. If you have
misspelled it (e.g., `\hobx'), type `I' and the correct
spelling (e.g., `I\hbox'). Otherwise just continue,
and I'll forget about whatever was undefined.

/home/operador/Documents/GitRepositories/RCp2324sv/phase1/ReportPhase1.tex:355: Undefined control sequence.
<argument> \n 
              
l.355 ...} PUT /d HTTP/1.1\r\nHost:127.24.1.12\r\n
                                                  \r\n
The control sequence at the end of the top line
of your error message was never \def'ed. If you have
misspelled it (e.g., `\hobx'), type `I' and the correct
spelling (e.g., `I\hbox'). Otherwise just continue,
and I'll forget about whatever was undefined.

/home/operador/Documents/GitRepositories/RCp2324sv/phase1/ReportPhase1.tex:355: Undefined control sequence.
<argument> \n 
              
l.355 ...} PUT /d HTTP/1.1\r\nHost:127.24.1.12\r\n
                                                  \r\n
The control sequence at the end of the top line
of your error message was never \def'ed. If you have
misspelled it (e.g., `\hobx'), type `I' and the correct
spelling (e.g., `I\hbox'). Otherwise just continue,
and I'll forget about whatever was undefined.

/home/operador/Documents/GitRepositories/RCp2324sv/phase1/ReportPhase1.tex:355: Undefined control sequence.
<argument> \n 
              
l.355 ...T /d HTTP/1.1\r\nHost:127.24.1.12\r\n\r\n
                                                  
The control sequence at the end of the top line
of your error message was never \def'ed. If you have
misspelled it (e.g., `\hobx'), type `I' and the correct
spelling (e.g., `I\hbox'). Otherwise just continue,
and I'll forget about whatever was undefined.

/home/operador/Documents/GitRepositories/RCp2324sv/phase1/ReportPhase1.tex:355: Undefined control sequence.
<argument> \n 
              
l.355 ...T /d HTTP/1.1\r\nHost:127.24.1.12\r\n\r\n
                                                  
The control sequence at the end of the top line
of your error message was never \def'ed. If you have
misspelled it (e.g., `\hobx'), type `I' and the correct
spelling (e.g., `I\hbox'). Otherwise just continue,
and I'll forget about whatever was undefined.

/home/operador/Documents/GitRepositories/RCp2324sv/phase1/ReportPhase1.tex:358: Undefined control sequence.
<argument> \nHost 
                  
l.358 ...{Request:} BREW /coffee/ HTTP/1.1\r\nHost
                                                  :127.24.1.12\r\n\r\n
The control sequence at the end of the top line
of your error message was never \def'ed. If you have
misspelled it (e.g., `\hobx'), type `I' and the correct
spelling (e.g., `I\hbox'). Otherwise just continue,
and I'll forget about whatever was undefined.

/home/operador/Documents/GitRepositories/RCp2324sv/phase1/ReportPhase1.tex:358: Undefined control sequence.
<argument> \nHost 
                  
l.358 ...{Request:} BREW /coffee/ HTTP/1.1\r\nHost
                                                  :127.24.1.12\r\n\r\n
The control sequence at the end of the top line
of your error message was never \def'ed. If you have
misspelled it (e.g., `\hobx'), type `I' and the correct
spelling (e.g., `I\hbox'). Otherwise just continue,
and I'll forget about whatever was undefined.

/home/operador/Documents/GitRepositories/RCp2324sv/phase1/ReportPhase1.tex:358: Undefined control sequence.
<argument> \n 
              
l.358 .../coffee/ HTTP/1.1\r\nHost:127.24.1.12\r\n
                                                  \r\n
The control sequence at the end of the top line
of your error message was never \def'ed. If you have
misspelled it (e.g., `\hobx'), type `I' and the correct
spelling (e.g., `I\hbox'). Otherwise just continue,
and I'll forget about whatever was undefined.

/home/operador/Documents/GitRepositories/RCp2324sv/phase1/ReportPhase1.tex:358: Undefined control sequence.
<argument> \n 
              
l.358 .../coffee/ HTTP/1.1\r\nHost:127.24.1.12\r\n
                                                  \r\n
The control sequence at the end of the top line
of your error message was never \def'ed. If you have
misspelled it (e.g., `\hobx'), type `I' and the correct
spelling (e.g., `I\hbox'). Otherwise just continue,
and I'll forget about whatever was undefined.

/home/operador/Documents/GitRepositories/RCp2324sv/phase1/ReportPhase1.tex:358: Undefined control sequence.
<argument> \n 
              
l.358 ...fee/ HTTP/1.1\r\nHost:127.24.1.12\r\n\r\n
                                                  
The control sequence at the end of the top line
of your error message was never \def'ed. If you have
misspelled it (e.g., `\hobx'), type `I' and the correct
spelling (e.g., `I\hbox'). Otherwise just continue,
and I'll forget about whatever was undefined.

/home/operador/Documents/GitRepositories/RCp2324sv/phase1/ReportPhase1.tex:358: Undefined control sequence.
<argument> \n 
              
l.358 ...fee/ HTTP/1.1\r\nHost:127.24.1.12\r\n\r\n
                                                  
The control sequence at the end of the top line
of your error message was never \def'ed. If you have
misspelled it (e.g., `\hobx'), type `I' and the correct
spelling (e.g., `I\hbox'). Otherwise just continue,
and I'll forget about whatever was undefined.


LaTeX Warning: Reference `LastPage' on page 7 undefined on input line 370.

[7 <./images/wscapwcsocket06.png> <./images/wscapwcsocket07.png> <./images/wscapwcsocket08.png>]
No file ReportPhase1.bbl.

LaTeX Warning: Reference `LastPage' on page 8 undefined on input line 381.

[8]
Ap\^endice A.
[9

] 
enddocument/afterlastpage: lastpage setting LastPage.
(./ReportPhase1.aux)
 ***********
LaTeX2e <2023-11-01> patch level 1
L3 programming layer <2020/03/25>
 ***********


LaTeX Warning: There were undefined references.


LaTeX Warning: Label(s) may have changed. Rerun to get cross-references right.


Package rerunfilecheck Warning: File `ReportPhase1.out' has changed.
(rerunfilecheck)                Rerun to get outlines right
(rerunfilecheck)                or use package `bookmark'.

Package rerunfilecheck Info: Checksums for `ReportPhase1.out':
(rerunfilecheck)             Before: <no file>
(rerunfilecheck)             After:  41AD1AEE1E05D2F522B6D0C516B54325;2311.

Package lastpage Warning: Rerun to get the references right on input line 384.

 ) 
Here is how much of TeX's memory you used:
 20175 strings out of 475153
 309931 string characters out of 5770014
 2211187 words of memory out of 5000000
 41962 multiletter control sequences out of 15000+600000
 634606 words of font info for 112 fonts, out of 8000000 for 9000
 475 hyphenation exceptions out of 8191
 80i,12n,117p,426b,2373s stack positions out of 10000i,1000n,20000p,200000b,200000s
</usr/share/texmf/fonts/type1/public/newtx/NewTXMI.pfb></usr/share/texmf/fonts/type1/public/tex-gyre/qtmr.pfb></usr/share/texmf/fonts/type1/public/txfonts/t1xbtt.pfb></usr/share/texmf/fonts/type1/public/txfonts/t1xtt.pfb></usr/share/texmf/fonts/type1/public/txfonts/t1xtt.pfb></usr/share/texmf/fonts/type1/public/newtx/ztmb.pfb></usr/share/texmf/fonts/type1/public/newtx/ztmr.pfb></usr/share/texmf/fonts/type1/public/newtx/ztmri.pfb>
Output written on ReportPhase1.pdf (16 pages, 2007144 bytes).
PDF statistics:
 237 PDF objects out of 1000 (max. 8388607)
 172 compressed objects within 2 object streams
 83 named destinations out of 1000 (max. 500000)
 81 words of extra memory for PDF output out of 10000 (max. 10000000)

